22:51:14 **** Incremental Build of configuration Debug for project poc_dht11 ****
make -j20 all 
arm-none-eabi-gcc "../Core/Src/main.c" -mcpu=cortex-m4 -std=gnu11 -g3 -DDEBUG -DUSE_HAL_DRIVER -DSTM32G474xx -c -I"C:/Users/gabriel.brunheira/Git/pessoal/project-reggae/proof-of-concepts/poc_dht11/Drivers/dht11" -I"C:/Users/gabriel.brunheira/Git/pessoal/project-reggae/proof-of-concepts/poc_dht11/Drivers/oled_ssd1306" -I../Core/Inc -I../Drivers/STM32G4xx_HAL_Driver/Inc -I../Drivers/STM32G4xx_HAL_Driver/Inc/Legacy -I../Drivers/CMSIS/Device/ST/STM32G4xx/Include -I../Drivers/CMSIS/Include -O0 -ffunction-sections -fdata-sections -Wall -fstack-usage -fcyclomatic-complexity -MMD -MP -MF"Core/Src/main.d" -MT"Core/Src/main.o" --specs=nano.specs -mfpu=fpv4-sp-d16 -mfloat-abi=hard -mthumb -o "Core/Src/main.o"
../Core/Src/main.c: In function 'main':
../Core/Src/main.c:110:23: warning: 'sprintf' writing a terminating nul past the end of the destination [-Wformat-overflow=]
  110 |   sprintf(temp, "%d oC", dht11.temperature);
      |                       ^
../Core/Src/main.c:110:3: note: 'sprintf' output between 5 and 7 bytes into a destination of size 4
  110 |   sprintf(temp, "%d oC", dht11.temperature);
      |   ^~~~~~~~~~~~~~~~~~~~~~~~~~~~~~~~~~~~~~~~~
arm-none-eabi-gcc -o "poc_dht11.elf" @"objects.list"   -mcpu=cortex-m4 -T"C:\Users\gabriel.brunheira\Git\pessoal\project-reggae\proof-of-concepts\poc_dht11\STM32G474RETX_FLASH.ld" --specs=nosys.specs -Wl,-Map="poc_dht11.map" -Wl,--gc-sections -static --specs=nano.specs -mfpu=fpv4-sp-d16 -mfloat-abi=hard -mthumb -Wl,--start-group -lc -lm -Wl,--end-group
Finished building target: poc_dht11.elf
 
arm-none-eabi-size  poc_dht11.elf 
arm-none-eabi-objdump -h -S poc_dht11.elf  > "poc_dht11.list"
   text	   data	    bss	    dec	    hex	filename
  24088	    100	   2748	  26936	   6938	poc_dht11.elf
Finished building: default.size.stdout
 
Finished building: poc_dht11.list
 
22:52:00 **** Incremental Build of configuration Debug for project poc_dht11 ****
make -j20 all 
arm-none-eabi-gcc "../Core/Src/main.c" -mcpu=cortex-m4 -std=gnu11 -g3 -DDEBUG -DUSE_HAL_DRIVER -DSTM32G474xx -c -I"C:/Users/gabriel.brunheira/Git/pessoal/project-reggae/proof-of-concepts/poc_dht11/Drivers/dht11" -I"C:/Users/gabriel.brunheira/Git/pessoal/project-reggae/proof-of-concepts/poc_dht11/Drivers/oled_ssd1306" -I../Core/Inc -I../Drivers/STM32G4xx_HAL_Driver/Inc -I../Drivers/STM32G4xx_HAL_Driver/Inc/Legacy -I../Drivers/CMSIS/Device/ST/STM32G4xx/Include -I../Drivers/CMSIS/Include -O0 -ffunction-sections -fdata-sections -Wall -fstack-usage -fcyclomatic-complexity -MMD -MP -MF"Core/Src/main.d" -MT"Core/Src/main.o" --specs=nano.specs -mfpu=fpv4-sp-d16 -mfloat-abi=hard -mthumb -o "Core/Src/main.o"
arm-none-eabi-gcc -o "poc_dht11.elf" @"objects.list"   -mcpu=cortex-m4 -T"C:\Users\gabriel.brunheira\Git\pessoal\project-reggae\proof-of-concepts\poc_dht11\STM32G474RETX_FLASH.ld" --specs=nosys.specs -Wl,-Map="poc_dht11.map" -Wl,--gc-sections -static --specs=nano.specs -mfpu=fpv4-sp-d16 -mfloat-abi=hard -mthumb -Wl,--start-group -lc -lm -Wl,--end-group
Finished building target: poc_dht11.elf
 
arm-none-eabi-size  poc_dht11.elf 
arm-none-eabi-objdump -h -S poc_dht11.elf  > "poc_dht11.list"
   text	   data	    bss	    dec	    hex	filename
  24092	    100	   2748	  26940	   693c	poc_dht11.elf
Finished building: default.size.stdout
Finished building: poc_dht11.list
 
 
22:52:35 **** Incremental Build of configuration Debug for project poc_dht11 ****
make -j20 all 
arm-none-eabi-gcc "../Core/Src/main.c" -mcpu=cortex-m4 -std=gnu11 -g3 -DDEBUG -DUSE_HAL_DRIVER -DSTM32G474xx -c -I"C:/Users/gabriel.brunheira/Git/pessoal/project-reggae/proof-of-concepts/poc_dht11/Drivers/dht11" -I"C:/Users/gabriel.brunheira/Git/pessoal/project-reggae/proof-of-concepts/poc_dht11/Drivers/oled_ssd1306" -I../Core/Inc -I../Drivers/STM32G4xx_HAL_Driver/Inc -I../Drivers/STM32G4xx_HAL_Driver/Inc/Legacy -I../Drivers/CMSIS/Device/ST/STM32G4xx/Include -I../Drivers/CMSIS/Include -O0 -ffunction-sections -fdata-sections -Wall -fstack-usage -fcyclomatic-complexity -MMD -MP -MF"Core/Src/main.d" -MT"Core/Src/main.o" --specs=nano.specs -mfpu=fpv4-sp-d16 -mfloat-abi=hard -mthumb -o "Core/Src/main.o"
arm-none-eabi-gcc -o "poc_dht11.elf" @"objects.list"   -mcpu=cortex-m4 -T"C:\Users\gabriel.brunheira\Git\pessoal\project-reggae\proof-of-concepts\poc_dht11\STM32G474RETX_FLASH.ld" --specs=nosys.specs -Wl,-Map="poc_dht11.map" -Wl,--gc-sections -static --specs=nano.specs -mfpu=fpv4-sp-d16 -mfloat-abi=hard -mthumb -Wl,--start-group -lc -lm -Wl,--end-group
Finished building target: poc_dht11.elf
 
arm-none-eabi-size  poc_dht11.elf 
arm-none-eabi-objdump -h -S poc_dht11.elf  > "poc_dht11.list"
   text	   data	    bss	    dec	    hex	filename
  24092	    100	   2748	  26940	   693c	poc_dht11.elf
Finished building: default.size.stdout
 
Finished building: poc_dht11.list
 
22:54:46 **** Incremental Build of configuration Debug for project poc_dht11 ****
make -j20 all 
arm-none-eabi-gcc "../Core/Src/main.c" -mcpu=cortex-m4 -std=gnu11 -g3 -DDEBUG -DUSE_HAL_DRIVER -DSTM32G474xx -c -I"C:/Users/gabriel.brunheira/Git/pessoal/project-reggae/proof-of-concepts/poc_dht11/Drivers/dht11" -I"C:/Users/gabriel.brunheira/Git/pessoal/project-reggae/proof-of-concepts/poc_dht11/Drivers/oled_ssd1306" -I../Core/Inc -I../Drivers/STM32G4xx_HAL_Driver/Inc -I../Drivers/STM32G4xx_HAL_Driver/Inc/Legacy -I../Drivers/CMSIS/Device/ST/STM32G4xx/Include -I../Drivers/CMSIS/Include -O0 -ffunction-sections -fdata-sections -Wall -fstack-usage -fcyclomatic-complexity -MMD -MP -MF"Core/Src/main.d" -MT"Core/Src/main.o" --specs=nano.specs -mfpu=fpv4-sp-d16 -mfloat-abi=hard -mthumb -o "Core/Src/main.o"
arm-none-eabi-gcc -o "poc_dht11.elf" @"objects.list"   -mcpu=cortex-m4 -T"C:\Users\gabriel.brunheira\Git\pessoal\project-reggae\proof-of-concepts\poc_dht11\STM32G474RETX_FLASH.ld" --specs=nosys.specs -Wl,-Map="poc_dht11.map" -Wl,--gc-sections -static --specs=nano.specs -mfpu=fpv4-sp-d16 -mfloat-abi=hard -mthumb -Wl,--start-group -lc -lm -Wl,--end-group
Finished building target: poc_dht11.elf
 
arm-none-eabi-size  poc_dht11.elf 
arm-none-eabi-objdump -h -S poc_dht11.elf  > "poc_dht11.list"
   text	   data	    bss	    dec	    hex	filename
  24100	    100	   2756	  26956	   694c	poc_dht11.elf
Finished building: default.size.stdout
 
Finished building: poc_dht11.list
 
22:55:14 **** Incremental Build of configuration Debug for project poc_dht11 ****
make -j20 all 
arm-none-eabi-gcc "../Core/Src/main.c" -mcpu=cortex-m4 -std=gnu11 -g3 -DDEBUG -DUSE_HAL_DRIVER -DSTM32G474xx -c -I"C:/Users/gabriel.brunheira/Git/pessoal/project-reggae/proof-of-concepts/poc_dht11/Drivers/dht11" -I"C:/Users/gabriel.brunheira/Git/pessoal/project-reggae/proof-of-concepts/poc_dht11/Drivers/oled_ssd1306" -I../Core/Inc -I../Drivers/STM32G4xx_HAL_Driver/Inc -I../Drivers/STM32G4xx_HAL_Driver/Inc/Legacy -I../Drivers/CMSIS/Device/ST/STM32G4xx/Include -I../Drivers/CMSIS/Include -O0 -ffunction-sections -fdata-sections -Wall -fstack-usage -fcyclomatic-complexity -MMD -MP -MF"Core/Src/main.d" -MT"Core/Src/main.o" --specs=nano.specs -mfpu=fpv4-sp-d16 -mfloat-abi=hard -mthumb -o "Core/Src/main.o"
arm-none-eabi-gcc -o "poc_dht11.elf" @"objects.list"   -mcpu=cortex-m4 -T"C:\Users\gabriel.brunheira\Git\pessoal\project-reggae\proof-of-concepts\poc_dht11\STM32G474RETX_FLASH.ld" --specs=nosys.specs -Wl,-Map="poc_dht11.map" -Wl,--gc-sections -static --specs=nano.specs -mfpu=fpv4-sp-d16 -mfloat-abi=hard -mthumb -Wl,--start-group -lc -lm -Wl,--end-group
Finished building target: poc_dht11.elf
 
arm-none-eabi-size  poc_dht11.elf 
arm-none-eabi-objdump -h -S poc_dht11.elf  > "poc_dht11.list"
   text	   data	    bss	    dec	    hex	filename
  24100	    100	   2756	  26956	   694c	poc_dht11.elf
Finished building: default.size.stdout
 
Finished building: poc_dht11.list
 
22:55:59 **** Incremental Build of configuration Debug for project poc_dht11 ****
make -j20 all 
arm-none-eabi-gcc "../Core/Src/main.c" -mcpu=cortex-m4 -std=gnu11 -g3 -DDEBUG -DUSE_HAL_DRIVER -DSTM32G474xx -c -I"C:/Users/gabriel.brunheira/Git/pessoal/project-reggae/proof-of-concepts/poc_dht11/Drivers/dht11" -I"C:/Users/gabriel.brunheira/Git/pessoal/project-reggae/proof-of-concepts/poc_dht11/Drivers/oled_ssd1306" -I../Core/Inc -I../Drivers/STM32G4xx_HAL_Driver/Inc -I../Drivers/STM32G4xx_HAL_Driver/Inc/Legacy -I../Drivers/CMSIS/Device/ST/STM32G4xx/Include -I../Drivers/CMSIS/Include -O0 -ffunction-sections -fdata-sections -Wall -fstack-usage -fcyclomatic-complexity -MMD -MP -MF"Core/Src/main.d" -MT"Core/Src/main.o" --specs=nano.specs -mfpu=fpv4-sp-d16 -mfloat-abi=hard -mthumb -o "Core/Src/main.o"
arm-none-eabi-gcc -o "poc_dht11.elf" @"objects.list"   -mcpu=cortex-m4 -T"C:\Users\gabriel.brunheira\Git\pessoal\project-reggae\proof-of-concepts\poc_dht11\STM32G474RETX_FLASH.ld" --specs=nosys.specs -Wl,-Map="poc_dht11.map" -Wl,--gc-sections -static --specs=nano.specs -mfpu=fpv4-sp-d16 -mfloat-abi=hard -mthumb -Wl,--start-group -lc -lm -Wl,--end-group
Finished building target: poc_dht11.elf
 
arm-none-eabi-size  poc_dht11.elf 
arm-none-eabi-objdump -h -S poc_dht11.elf  > "poc_dht11.list"
   text	   data	    bss	    dec	    hex	filename
  24096	    100	   2756	  26952	   6948	poc_dht11.elf
Finished building: default.size.stdout
 
Finished building: poc_dht11.list
 
22:57:55 **** Incremental Build of configuration Debug for project poc_dht11 ****
make -j20 all 
arm-none-eabi-gcc "../Core/Src/main.c" -mcpu=cortex-m4 -std=gnu11 -g3 -DDEBUG -DUSE_HAL_DRIVER -DSTM32G474xx -c -I"C:/Users/gabriel.brunheira/Git/pessoal/project-reggae/proof-of-concepts/poc_dht11/Drivers/dht11" -I"C:/Users/gabriel.brunheira/Git/pessoal/project-reggae/proof-of-concepts/poc_dht11/Drivers/oled_ssd1306" -I../Core/Inc -I../Drivers/STM32G4xx_HAL_Driver/Inc -I../Drivers/STM32G4xx_HAL_Driver/Inc/Legacy -I../Drivers/CMSIS/Device/ST/STM32G4xx/Include -I../Drivers/CMSIS/Include -O0 -ffunction-sections -fdata-sections -Wall -fstack-usage -fcyclomatic-complexity -MMD -MP -MF"Core/Src/main.d" -MT"Core/Src/main.o" --specs=nano.specs -mfpu=fpv4-sp-d16 -mfloat-abi=hard -mthumb -o "Core/Src/main.o"
../Core/Src/main.c: In function 'main':
../Core/Src/main.c:118:19: error: 'cnt_C' undeclared (first use in this function); did you mean 'cnt_c'?
  118 |           sprintf(cnt_C, "%d", cnt++);
      |                   ^~~~~
      |                   cnt_c
../Core/Src/main.c:118:19: note: each undeclared identifier is reported only once for each function it appears in
make: *** [Core/Src/subdir.mk:34: Core/Src/main.o] Error 1
"make -j20 all" terminated with exit code 2. Build might be incomplete.
22:58:08 **** Incremental Build of configuration Debug for project poc_dht11 ****
make -j20 all 
arm-none-eabi-gcc "../Core/Src/main.c" -mcpu=cortex-m4 -std=gnu11 -g3 -DDEBUG -DUSE_HAL_DRIVER -DSTM32G474xx -c -I"C:/Users/gabriel.brunheira/Git/pessoal/project-reggae/proof-of-concepts/poc_dht11/Drivers/dht11" -I"C:/Users/gabriel.brunheira/Git/pessoal/project-reggae/proof-of-concepts/poc_dht11/Drivers/oled_ssd1306" -I../Core/Inc -I../Drivers/STM32G4xx_HAL_Driver/Inc -I../Drivers/STM32G4xx_HAL_Driver/Inc/Legacy -I../Drivers/CMSIS/Device/ST/STM32G4xx/Include -I../Drivers/CMSIS/Include -O0 -ffunction-sections -fdata-sections -Wall -fstack-usage -fcyclomatic-complexity -MMD -MP -MF"Core/Src/main.d" -MT"Core/Src/main.o" --specs=nano.specs -mfpu=fpv4-sp-d16 -mfloat-abi=hard -mthumb -o "Core/Src/main.o"
../Core/Src/main.c: In function 'main':
../Core/Src/main.c:118:28: warning: format '%d' expects argument of type 'int', but argument 3 has type 'uint32_t' {aka 'long unsigned int'} [-Wformat=]
  118 |           sprintf(cnt_c, "%d", cnt++);
      |                           ~^   ~~~~~
      |                            |      |
      |                            int    uint32_t {aka long unsigned int}
      |                           %ld
arm-none-eabi-gcc -o "poc_dht11.elf" @"objects.list"   -mcpu=cortex-m4 -T"C:\Users\gabriel.brunheira\Git\pessoal\project-reggae\proof-of-concepts\poc_dht11\STM32G474RETX_FLASH.ld" --specs=nosys.specs -Wl,-Map="poc_dht11.map" -Wl,--gc-sections -static --specs=nano.specs -mfpu=fpv4-sp-d16 -mfloat-abi=hard -mthumb -Wl,--start-group -lc -lm -Wl,--end-group
Finished building target: poc_dht11.elf
 
arm-none-eabi-size  poc_dht11.elf 
arm-none-eabi-objdump -h -S poc_dht11.elf  > "poc_dht11.list"
   text	   data	    bss	    dec	    hex	filename
  26072	    100	   2764	  28936	   7108	poc_dht11.elf
Finished building: default.size.stdout
 
Finished building: poc_dht11.list
 
22:58:27 **** Incremental Build of configuration Debug for project poc_dht11 ****
make -j20 all 
arm-none-eabi-gcc "../Core/Src/main.c" -mcpu=cortex-m4 -std=gnu11 -g3 -DDEBUG -DUSE_HAL_DRIVER -DSTM32G474xx -c -I"C:/Users/gabriel.brunheira/Git/pessoal/project-reggae/proof-of-concepts/poc_dht11/Drivers/dht11" -I"C:/Users/gabriel.brunheira/Git/pessoal/project-reggae/proof-of-concepts/poc_dht11/Drivers/oled_ssd1306" -I../Core/Inc -I../Drivers/STM32G4xx_HAL_Driver/Inc -I../Drivers/STM32G4xx_HAL_Driver/Inc/Legacy -I../Drivers/CMSIS/Device/ST/STM32G4xx/Include -I../Drivers/CMSIS/Include -O0 -ffunction-sections -fdata-sections -Wall -fstack-usage -fcyclomatic-complexity -MMD -MP -MF"Core/Src/main.d" -MT"Core/Src/main.o" --specs=nano.specs -mfpu=fpv4-sp-d16 -mfloat-abi=hard -mthumb -o "Core/Src/main.o"
../Core/Src/main.c: In function 'main':
../Core/Src/main.c:118:28: warning: format '%d' expects argument of type 'int', but argument 3 has type 'uint32_t' {aka 'long unsigned int'} [-Wformat=]
  118 |           sprintf(cnt_c, "%d", cnt++);
      |                           ~^   ~~~~~
      |                            |      |
      |                            int    uint32_t {aka long unsigned int}
      |                           %ld
arm-none-eabi-gcc -o "poc_dht11.elf" @"objects.list"   -mcpu=cortex-m4 -T"C:\Users\gabriel.brunheira\Git\pessoal\project-reggae\proof-of-concepts\poc_dht11\STM32G474RETX_FLASH.ld" --specs=nosys.specs -Wl,-Map="poc_dht11.map" -Wl,--gc-sections -static --specs=nano.specs -mfpu=fpv4-sp-d16 -mfloat-abi=hard -mthumb -Wl,--start-group -lc -lm -Wl,--end-group
Finished building target: poc_dht11.elf
 
arm-none-eabi-size  poc_dht11.elf 
arm-none-eabi-objdump -h -S poc_dht11.elf  > "poc_dht11.list"
   text	   data	    bss	    dec	    hex	filename
  26072	    100	   2764	  28936	   7108	poc_dht11.elf
Finished building: default.size.stdout
 
Finished building: poc_dht11.list
 
23:16:43 **** Incremental Build of configuration Debug for project poc_dht11 ****
make -j20 all 
arm-none-eabi-gcc "../Core/Src/main.c" -mcpu=cortex-m4 -std=gnu11 -g3 -DDEBUG -DUSE_HAL_DRIVER -DSTM32G474xx -c -I"C:/Users/gabriel.brunheira/Git/pessoal/project-reggae/proof-of-concepts/poc_dht11/Drivers/dht11" -I"C:/Users/gabriel.brunheira/Git/pessoal/project-reggae/proof-of-concepts/poc_dht11/Drivers/oled_ssd1306" -I../Core/Inc -I../Drivers/STM32G4xx_HAL_Driver/Inc -I../Drivers/STM32G4xx_HAL_Driver/Inc/Legacy -I../Drivers/CMSIS/Device/ST/STM32G4xx/Include -I../Drivers/CMSIS/Include -O0 -ffunction-sections -fdata-sections -Wall -fstack-usage -fcyclomatic-complexity -MMD -MP -MF"Core/Src/main.d" -MT"Core/Src/main.o" --specs=nano.specs -mfpu=fpv4-sp-d16 -mfloat-abi=hard -mthumb -o "Core/Src/main.o"
../Core/Src/main.c: In function 'main':
../Core/Src/main.c:118:28: warning: format '%d' expects argument of type 'int', but argument 3 has type 'uint32_t' {aka 'long unsigned int'} [-Wformat=]
  118 |           sprintf(cnt_c, "%d", cnt++);
      |                           ~^   ~~~~~
      |                            |      |
      |                            int    uint32_t {aka long unsigned int}
      |                           %ld
arm-none-eabi-gcc -o "poc_dht11.elf" @"objects.list"   -mcpu=cortex-m4 -T"C:\Users\gabriel.brunheira\Git\pessoal\project-reggae\proof-of-concepts\poc_dht11\STM32G474RETX_FLASH.ld" --specs=nosys.specs -Wl,-Map="poc_dht11.map" -Wl,--gc-sections -static --specs=nano.specs -mfpu=fpv4-sp-d16 -mfloat-abi=hard -mthumb -Wl,--start-group -lc -lm -Wl,--end-group
Finished building target: poc_dht11.elf
 
arm-none-eabi-size  poc_dht11.elf 
arm-none-eabi-objdump -h -S poc_dht11.elf  > "poc_dht11.list"
   text	   data	    bss	    dec	    hex	filename
  26072	    100	   2764	  28936	   7108	poc_dht11.elf
Finished building: default.size.stdout
 
Finished building: poc_dht11.list
 
23:24:51 **** Incremental Build of configuration Debug for project poc_dht11 ****
make -j20 all 
arm-none-eabi-gcc "../Core/Src/main.c" -mcpu=cortex-m4 -std=gnu11 -g3 -DDEBUG -DUSE_HAL_DRIVER -DSTM32G474xx -c -I"C:/Users/gabriel.brunheira/Git/pessoal/project-reggae/proof-of-concepts/poc_dht11/Drivers/dht11" -I"C:/Users/gabriel.brunheira/Git/pessoal/project-reggae/proof-of-concepts/poc_dht11/Drivers/oled_ssd1306" -I../Core/Inc -I../Drivers/STM32G4xx_HAL_Driver/Inc -I../Drivers/STM32G4xx_HAL_Driver/Inc/Legacy -I../Drivers/CMSIS/Device/ST/STM32G4xx/Include -I../Drivers/CMSIS/Include -O0 -ffunction-sections -fdata-sections -Wall -fstack-usage -fcyclomatic-complexity -MMD -MP -MF"Core/Src/main.d" -MT"Core/Src/main.o" --specs=nano.specs -mfpu=fpv4-sp-d16 -mfloat-abi=hard -mthumb -o "Core/Src/main.o"
../Core/Src/main.c: In function 'main':
../Core/Src/main.c:118:29: warning: format '%zu' expects argument of type 'size_t', but argument 3 has type 'uint32_t' {aka 'long unsigned int'} [-Wformat=]
  118 |           sprintf(cnt_c, "%zu", cnt++);
      |                           ~~^   ~~~~~
      |                             |      |
      |                             |      uint32_t {aka long unsigned int}
      |                             unsigned int
      |                           %lu
arm-none-eabi-gcc -o "poc_dht11.elf" @"objects.list"   -mcpu=cortex-m4 -T"C:\Users\gabriel.brunheira\Git\pessoal\project-reggae\proof-of-concepts\poc_dht11\STM32G474RETX_FLASH.ld" --specs=nosys.specs -Wl,-Map="poc_dht11.map" -Wl,--gc-sections -static --specs=nano.specs -mfpu=fpv4-sp-d16 -mfloat-abi=hard -mthumb -Wl,--start-group -lc -lm -Wl,--end-group
Finished building target: poc_dht11.elf
 
arm-none-eabi-size  poc_dht11.elf 
arm-none-eabi-objdump -h -S poc_dht11.elf  > "poc_dht11.list"
   text	   data	    bss	    dec	    hex	filename
  26072	    100	   2764	  28936	   7108	poc_dht11.elf
Finished building: default.size.stdout
 
Finished building: poc_dht11.list
 
23:25:19 **** Incremental Build of configuration Debug for project poc_dht11 ****
make -j20 all 
arm-none-eabi-gcc "../Core/Src/main.c" -mcpu=cortex-m4 -std=gnu11 -g3 -DDEBUG -DUSE_HAL_DRIVER -DSTM32G474xx -c -I"C:/Users/gabriel.brunheira/Git/pessoal/project-reggae/proof-of-concepts/poc_dht11/Drivers/dht11" -I"C:/Users/gabriel.brunheira/Git/pessoal/project-reggae/proof-of-concepts/poc_dht11/Drivers/oled_ssd1306" -I../Core/Inc -I../Drivers/STM32G4xx_HAL_Driver/Inc -I../Drivers/STM32G4xx_HAL_Driver/Inc/Legacy -I../Drivers/CMSIS/Device/ST/STM32G4xx/Include -I../Drivers/CMSIS/Include -O0 -ffunction-sections -fdata-sections -Wall -fstack-usage -fcyclomatic-complexity -MMD -MP -MF"Core/Src/main.d" -MT"Core/Src/main.o" --specs=nano.specs -mfpu=fpv4-sp-d16 -mfloat-abi=hard -mthumb -o "Core/Src/main.o"
../Core/Src/main.c: In function 'main':
../Core/Src/main.c:118:28: warning: format '%u' expects argument of type 'unsigned int', but argument 3 has type 'uint32_t' {aka 'long unsigned int'} [-Wformat=]
  118 |           sprintf(cnt_c, "%u", cnt++);
      |                           ~^   ~~~~~
      |                            |      |
      |                            |      uint32_t {aka long unsigned int}
      |                            unsigned int
      |                           %lu
arm-none-eabi-gcc -o "poc_dht11.elf" @"objects.list"   -mcpu=cortex-m4 -T"C:\Users\gabriel.brunheira\Git\pessoal\project-reggae\proof-of-concepts\poc_dht11\STM32G474RETX_FLASH.ld" --specs=nosys.specs -Wl,-Map="poc_dht11.map" -Wl,--gc-sections -static --specs=nano.specs -mfpu=fpv4-sp-d16 -mfloat-abi=hard -mthumb -Wl,--start-group -lc -lm -Wl,--end-group
Finished building target: poc_dht11.elf
 
arm-none-eabi-size  poc_dht11.elf 
arm-none-eabi-objdump -h -S poc_dht11.elf  > "poc_dht11.list"
   text	   data	    bss	    dec	    hex	filename
  26072	    100	   2764	  28936	   7108	poc_dht11.elf
Finished building: default.size.stdout
 
Finished building: poc_dht11.list
 
23:26:50 **** Incremental Build of configuration Debug for project poc_dht11 ****
make -j20 all 
arm-none-eabi-gcc "../Core/Src/main.c" -mcpu=cortex-m4 -std=gnu11 -g3 -DDEBUG -DUSE_HAL_DRIVER -DSTM32G474xx -c -I"C:/Users/gabriel.brunheira/Git/pessoal/project-reggae/proof-of-concepts/poc_dht11/Drivers/dht11" -I"C:/Users/gabriel.brunheira/Git/pessoal/project-reggae/proof-of-concepts/poc_dht11/Drivers/oled_ssd1306" -I../Core/Inc -I../Drivers/STM32G4xx_HAL_Driver/Inc -I../Drivers/STM32G4xx_HAL_Driver/Inc/Legacy -I../Drivers/CMSIS/Device/ST/STM32G4xx/Include -I../Drivers/CMSIS/Include -O0 -ffunction-sections -fdata-sections -Wall -fstack-usage -fcyclomatic-complexity -MMD -MP -MF"Core/Src/main.d" -MT"Core/Src/main.o" --specs=nano.specs -mfpu=fpv4-sp-d16 -mfloat-abi=hard -mthumb -o "Core/Src/main.o"
arm-none-eabi-gcc -o "poc_dht11.elf" @"objects.list"   -mcpu=cortex-m4 -T"C:\Users\gabriel.brunheira\Git\pessoal\project-reggae\proof-of-concepts\poc_dht11\STM32G474RETX_FLASH.ld" --specs=nosys.specs -Wl,-Map="poc_dht11.map" -Wl,--gc-sections -static --specs=nano.specs -mfpu=fpv4-sp-d16 -mfloat-abi=hard -mthumb -Wl,--start-group -lc -lm -Wl,--end-group
Finished building target: poc_dht11.elf
 
arm-none-eabi-size  poc_dht11.elf 
arm-none-eabi-objdump -h -S poc_dht11.elf  > "poc_dht11.list"
   text	   data	    bss	    dec	    hex	filename
  26072	    100	   2764	  28936	   7108	poc_dht11.elf
Finished building: default.size.stdout
 
Finished building: poc_dht11.list
 
23:39:41 **** Incremental Build of configuration Debug for project poc_dht11 ****
make -j20 all 
arm-none-eabi-gcc "../Core/Src/main.c" -mcpu=cortex-m4 -std=gnu11 -g3 -DDEBUG -DUSE_HAL_DRIVER -DSTM32G474xx -c -I"C:/Users/gabriel.brunheira/Git/pessoal/project-reggae/proof-of-concepts/poc_dht11/Drivers/dht11" -I"C:/Users/gabriel.brunheira/Git/pessoal/project-reggae/proof-of-concepts/poc_dht11/Drivers/oled_ssd1306" -I../Core/Inc -I../Drivers/STM32G4xx_HAL_Driver/Inc -I../Drivers/STM32G4xx_HAL_Driver/Inc/Legacy -I../Drivers/CMSIS/Device/ST/STM32G4xx/Include -I../Drivers/CMSIS/Include -O0 -ffunction-sections -fdata-sections -Wall -fstack-usage -fcyclomatic-complexity -MMD -MP -MF"Core/Src/main.d" -MT"Core/Src/main.o" --specs=nano.specs -mfpu=fpv4-sp-d16 -mfloat-abi=hard -mthumb -o "Core/Src/main.o"
arm-none-eabi-gcc -o "poc_dht11.elf" @"objects.list"   -mcpu=cortex-m4 -T"C:\Users\gabriel.brunheira\Git\pessoal\project-reggae\proof-of-concepts\poc_dht11\STM32G474RETX_FLASH.ld" --specs=nosys.specs -Wl,-Map="poc_dht11.map" -Wl,--gc-sections -static --specs=nano.specs -mfpu=fpv4-sp-d16 -mfloat-abi=hard -mthumb -Wl,--start-group -lc -lm -Wl,--end-group
Finished building target: poc_dht11.elf
 
arm-none-eabi-size  poc_dht11.elf 
arm-none-eabi-objdump -h -S poc_dht11.elf  > "poc_dht11.list"
   text	   data	    bss	    dec	    hex	filename
  24096	    100	   2756	  26952	   6948	poc_dht11.elf
Finished building: default.size.stdout
 
Finished building: poc_dht11.list
 
23:44:28 **** Incremental Build of configuration Debug for project poc_dht11 ****
make -j20 all 
arm-none-eabi-gcc "../Core/Src/main.c" -mcpu=cortex-m4 -std=gnu11 -g3 -DDEBUG -DUSE_HAL_DRIVER -DSTM32G474xx -c -I"C:/Users/gabriel.brunheira/Git/pessoal/project-reggae/proof-of-concepts/poc_dht11/Drivers/dht11" -I"C:/Users/gabriel.brunheira/Git/pessoal/project-reggae/proof-of-concepts/poc_dht11/Drivers/oled_ssd1306" -I../Core/Inc -I../Drivers/STM32G4xx_HAL_Driver/Inc -I../Drivers/STM32G4xx_HAL_Driver/Inc/Legacy -I../Drivers/CMSIS/Device/ST/STM32G4xx/Include -I../Drivers/CMSIS/Include -O0 -ffunction-sections -fdata-sections -Wall -fstack-usage -fcyclomatic-complexity -MMD -MP -MF"Core/Src/main.d" -MT"Core/Src/main.o" --specs=nano.specs -mfpu=fpv4-sp-d16 -mfloat-abi=hard -mthumb -o "Core/Src/main.o"
../Core/Src/main.c: In function 'main':
../Core/Src/main.c:124:9: warning: implicit declaration of function 'ssd1306_WriteTemp'; did you mean 'ssd1306_WriteData'? [-Wimplicit-function-declaration]
  124 |         ssd1306_WriteTemp(dht11.temperature,4,16);
      |         ^~~~~~~~~~~~~~~~~
      |         ssd1306_WriteData
../Core/Src/main.c: At top level:
../Core/Src/main.c:135:6: warning: conflicting types for 'ssd1306_WriteTemp'; have 'void(uint8_t,  uint8_t,  uint8_t)' {aka 'void(unsigned char,  unsigned char,  unsigned char)'}
  135 | void ssd1306_WriteTemp(uint8_t temp, uint8_t x, uint8_t y)
      |      ^~~~~~~~~~~~~~~~~
../Core/Src/main.c:124:9: note: previous implicit declaration of 'ssd1306_WriteTemp' with type 'void(uint8_t,  uint8_t,  uint8_t)' {aka 'void(unsigned char,  unsigned char,  unsigned char)'}
  124 |         ssd1306_WriteTemp(dht11.temperature,4,16);
      |         ^~~~~~~~~~~~~~~~~
../Core/Src/main.c: In function 'ssd1306_WriteTemp':
../Core/Src/main.c:141:29: warning: passing argument 1 of 'ssd1306_WriteString' makes pointer from integer without a cast [-Wint-conversion]
  141 |         ssd1306_WriteString(temp, Font_11x18, Black);
      |                             ^~~~
      |                             |
      |                             uint8_t {aka unsigned char}
In file included from ../Core/Src/main.c:26:
C:/Users/gabriel.brunheira/Git/pessoal/project-reggae/proof-of-concepts/poc_dht11/Drivers/oled_ssd1306/ssd1306.h:161:32: note: expected 'char *' but argument is of type 'uint8_t' {aka 'unsigned char'}
  161 | char ssd1306_WriteString(char* str, SSD1306_Font_t Font, SSD1306_COLOR color);
      |                          ~~~~~~^~~
arm-none-eabi-gcc -o "poc_dht11.elf" @"objects.list"   -mcpu=cortex-m4 -T"C:\Users\gabriel.brunheira\Git\pessoal\project-reggae\proof-of-concepts\poc_dht11\STM32G474RETX_FLASH.ld" --specs=nosys.specs -Wl,-Map="poc_dht11.map" -Wl,--gc-sections -static --specs=nano.specs -mfpu=fpv4-sp-d16 -mfloat-abi=hard -mthumb -Wl,--start-group -lc -lm -Wl,--end-group
Finished building target: poc_dht11.elf
 
arm-none-eabi-size  poc_dht11.elf 
arm-none-eabi-objdump -h -S poc_dht11.elf  > "poc_dht11.list"
   text	   data	    bss	    dec	    hex	filename
  24160	    100	   2748	  27008	   6980	poc_dht11.elf
Finished building: default.size.stdout
 
Finished building: poc_dht11.list
 
23:45:06 **** Incremental Build of configuration Debug for project poc_dht11 ****
make -j20 all 
arm-none-eabi-gcc "../Core/Src/main.c" -mcpu=cortex-m4 -std=gnu11 -g3 -DDEBUG -DUSE_HAL_DRIVER -DSTM32G474xx -c -I"C:/Users/gabriel.brunheira/Git/pessoal/project-reggae/proof-of-concepts/poc_dht11/Drivers/dht11" -I"C:/Users/gabriel.brunheira/Git/pessoal/project-reggae/proof-of-concepts/poc_dht11/Drivers/oled_ssd1306" -I../Core/Inc -I../Drivers/STM32G4xx_HAL_Driver/Inc -I../Drivers/STM32G4xx_HAL_Driver/Inc/Legacy -I../Drivers/CMSIS/Device/ST/STM32G4xx/Include -I../Drivers/CMSIS/Include -O0 -ffunction-sections -fdata-sections -Wall -fstack-usage -fcyclomatic-complexity -MMD -MP -MF"Core/Src/main.d" -MT"Core/Src/main.o" --specs=nano.specs -mfpu=fpv4-sp-d16 -mfloat-abi=hard -mthumb -o "Core/Src/main.o"
../Core/Src/main.c: In function 'main':
../Core/Src/main.c:124:9: warning: implicit declaration of function 'ssd1306_WriteTemp'; did you mean 'ssd1306_WriteData'? [-Wimplicit-function-declaration]
  124 |         ssd1306_WriteTemp(dht11.temperature,4,16);
      |         ^~~~~~~~~~~~~~~~~
      |         ssd1306_WriteData
../Core/Src/main.c: At top level:
../Core/Src/main.c:135:6: warning: conflicting types for 'ssd1306_WriteTemp'; have 'void(uint8_t,  uint8_t,  uint8_t)' {aka 'void(unsigned char,  unsigned char,  unsigned char)'}
  135 | void ssd1306_WriteTemp(uint8_t temp, uint8_t x, uint8_t y)
      |      ^~~~~~~~~~~~~~~~~
../Core/Src/main.c:124:9: note: previous implicit declaration of 'ssd1306_WriteTemp' with type 'void(uint8_t,  uint8_t,  uint8_t)' {aka 'void(unsigned char,  unsigned char,  unsigned char)'}
  124 |         ssd1306_WriteTemp(dht11.temperature,4,16);
      |         ^~~~~~~~~~~~~~~~~
arm-none-eabi-gcc -o "poc_dht11.elf" @"objects.list"   -mcpu=cortex-m4 -T"C:\Users\gabriel.brunheira\Git\pessoal\project-reggae\proof-of-concepts\poc_dht11\STM32G474RETX_FLASH.ld" --specs=nosys.specs -Wl,-Map="poc_dht11.map" -Wl,--gc-sections -static --specs=nano.specs -mfpu=fpv4-sp-d16 -mfloat-abi=hard -mthumb -Wl,--start-group -lc -lm -Wl,--end-group
Finished building target: poc_dht11.elf
 
arm-none-eabi-size  poc_dht11.elf 
arm-none-eabi-objdump -h -S poc_dht11.elf  > "poc_dht11.list"
   text	   data	    bss	    dec	    hex	filename
  24160	    100	   2748	  27008	   6980	poc_dht11.elf
Finished building: default.size.stdout
 
Finished building: poc_dht11.list
 
23:45:40 **** Incremental Build of configuration Debug for project poc_dht11 ****
make -j20 all 
arm-none-eabi-gcc "../Core/Src/main.c" -mcpu=cortex-m4 -std=gnu11 -g3 -DDEBUG -DUSE_HAL_DRIVER -DSTM32G474xx -c -I"C:/Users/gabriel.brunheira/Git/pessoal/project-reggae/proof-of-concepts/poc_dht11/Drivers/dht11" -I"C:/Users/gabriel.brunheira/Git/pessoal/project-reggae/proof-of-concepts/poc_dht11/Drivers/oled_ssd1306" -I../Core/Inc -I../Drivers/STM32G4xx_HAL_Driver/Inc -I../Drivers/STM32G4xx_HAL_Driver/Inc/Legacy -I../Drivers/CMSIS/Device/ST/STM32G4xx/Include -I../Drivers/CMSIS/Include -O0 -ffunction-sections -fdata-sections -Wall -fstack-usage -fcyclomatic-complexity -MMD -MP -MF"Core/Src/main.d" -MT"Core/Src/main.o" --specs=nano.specs -mfpu=fpv4-sp-d16 -mfloat-abi=hard -mthumb -o "Core/Src/main.o"
../Core/Src/main.c: In function 'main':
../Core/Src/main.c:124:9: warning: implicit declaration of function 'ssd1306_WriteTemp'; did you mean 'ssd1306_WriteData'? [-Wimplicit-function-declaration]
  124 |         ssd1306_WriteTemp(dht11.temperature,4,16);
      |         ^~~~~~~~~~~~~~~~~
      |         ssd1306_WriteData
../Core/Src/main.c: At top level:
../Core/Src/main.c:135:6: warning: conflicting types for 'ssd1306_WriteTemp'; have 'void(uint8_t,  uint8_t,  uint8_t)' {aka 'void(unsigned char,  unsigned char,  unsigned char)'}
  135 | void ssd1306_WriteTemp(uint8_t temp, uint8_t x, uint8_t y)
      |      ^~~~~~~~~~~~~~~~~
../Core/Src/main.c:124:9: note: previous implicit declaration of 'ssd1306_WriteTemp' with type 'void(uint8_t,  uint8_t,  uint8_t)' {aka 'void(unsigned char,  unsigned char,  unsigned char)'}
  124 |         ssd1306_WriteTemp(dht11.temperature,4,16);
      |         ^~~~~~~~~~~~~~~~~
arm-none-eabi-gcc -o "poc_dht11.elf" @"objects.list"   -mcpu=cortex-m4 -T"C:\Users\gabriel.brunheira\Git\pessoal\project-reggae\proof-of-concepts\poc_dht11\STM32G474RETX_FLASH.ld" --specs=nosys.specs -Wl,-Map="poc_dht11.map" -Wl,--gc-sections -static --specs=nano.specs -mfpu=fpv4-sp-d16 -mfloat-abi=hard -mthumb -Wl,--start-group -lc -lm -Wl,--end-group
Finished building target: poc_dht11.elf
 
arm-none-eabi-size  poc_dht11.elf 
arm-none-eabi-objdump -h -S poc_dht11.elf  > "poc_dht11.list"
   text	   data	    bss	    dec	    hex	filename
  26076	    100	   2748	  28924	   70fc	poc_dht11.elf
Finished building: default.size.stdout
 
Finished building: poc_dht11.list
 
23:46:29 **** Incremental Build of configuration Debug for project poc_dht11 ****
make -j20 all 
arm-none-eabi-gcc "../Core/Src/main.c" -mcpu=cortex-m4 -std=gnu11 -g3 -DDEBUG -DUSE_HAL_DRIVER -DSTM32G474xx -c -I"C:/Users/gabriel.brunheira/Git/pessoal/project-reggae/proof-of-concepts/poc_dht11/Drivers/dht11" -I"C:/Users/gabriel.brunheira/Git/pessoal/project-reggae/proof-of-concepts/poc_dht11/Drivers/oled_ssd1306" -I../Core/Inc -I../Drivers/STM32G4xx_HAL_Driver/Inc -I../Drivers/STM32G4xx_HAL_Driver/Inc/Legacy -I../Drivers/CMSIS/Device/ST/STM32G4xx/Include -I../Drivers/CMSIS/Include -O0 -ffunction-sections -fdata-sections -Wall -fstack-usage -fcyclomatic-complexity -MMD -MP -MF"Core/Src/main.d" -MT"Core/Src/main.o" --specs=nano.specs -mfpu=fpv4-sp-d16 -mfloat-abi=hard -mthumb -o "Core/Src/main.o"
../Core/Src/main.c: In function 'main':
../Core/Src/main.c:124:9: warning: implicit declaration of function 'ssd1306_WriteTemp'; did you mean 'ssd1306_WriteData'? [-Wimplicit-function-declaration]
  124 |         ssd1306_WriteTemp(dht11.temperature,4,16);
      |         ^~~~~~~~~~~~~~~~~
      |         ssd1306_WriteData
../Core/Src/main.c: At top level:
../Core/Src/main.c:135:6: warning: conflicting types for 'ssd1306_WriteTemp'; have 'void(uint8_t,  uint8_t,  uint8_t)' {aka 'void(unsigned char,  unsigned char,  unsigned char)'}
  135 | void ssd1306_WriteTemp(uint8_t temp, uint8_t x, uint8_t y)
      |      ^~~~~~~~~~~~~~~~~
../Core/Src/main.c:124:9: note: previous implicit declaration of 'ssd1306_WriteTemp' with type 'void(uint8_t,  uint8_t,  uint8_t)' {aka 'void(unsigned char,  unsigned char,  unsigned char)'}
  124 |         ssd1306_WriteTemp(dht11.temperature,4,16);
      |         ^~~~~~~~~~~~~~~~~
arm-none-eabi-gcc -o "poc_dht11.elf" @"objects.list"   -mcpu=cortex-m4 -T"C:\Users\gabriel.brunheira\Git\pessoal\project-reggae\proof-of-concepts\poc_dht11\STM32G474RETX_FLASH.ld" --specs=nosys.specs -Wl,-Map="poc_dht11.map" -Wl,--gc-sections -static --specs=nano.specs -mfpu=fpv4-sp-d16 -mfloat-abi=hard -mthumb -Wl,--start-group -lc -lm -Wl,--end-group
Finished building target: poc_dht11.elf
 
arm-none-eabi-size  poc_dht11.elf 
arm-none-eabi-objdump -h -S poc_dht11.elf  > "poc_dht11.list"
   text	   data	    bss	    dec	    hex	filename
  26072	    100	   2748	  28920	   70f8	poc_dht11.elf
Finished building: default.size.stdout
 
Finished building: poc_dht11.list
 
23:47:06 **** Incremental Build of configuration Debug for project poc_dht11 ****
make -j20 all 
arm-none-eabi-gcc "../Core/Src/main.c" -mcpu=cortex-m4 -std=gnu11 -g3 -DDEBUG -DUSE_HAL_DRIVER -DSTM32G474xx -c -I"C:/Users/gabriel.brunheira/Git/pessoal/project-reggae/proof-of-concepts/poc_dht11/Drivers/dht11" -I"C:/Users/gabriel.brunheira/Git/pessoal/project-reggae/proof-of-concepts/poc_dht11/Drivers/oled_ssd1306" -I../Core/Inc -I../Drivers/STM32G4xx_HAL_Driver/Inc -I../Drivers/STM32G4xx_HAL_Driver/Inc/Legacy -I../Drivers/CMSIS/Device/ST/STM32G4xx/Include -I../Drivers/CMSIS/Include -O0 -ffunction-sections -fdata-sections -Wall -fstack-usage -fcyclomatic-complexity -MMD -MP -MF"Core/Src/main.d" -MT"Core/Src/main.o" --specs=nano.specs -mfpu=fpv4-sp-d16 -mfloat-abi=hard -mthumb -o "Core/Src/main.o"
../Core/Src/main.c: In function 'main':
../Core/Src/main.c:124:9: warning: implicit declaration of function 'ssd1306_WriteTemp'; did you mean 'ssd1306_WriteData'? [-Wimplicit-function-declaration]
  124 |         ssd1306_WriteTemp(dht11.temperature,4,16);
      |         ^~~~~~~~~~~~~~~~~
      |         ssd1306_WriteData
../Core/Src/main.c: At top level:
../Core/Src/main.c:135:6: warning: conflicting types for 'ssd1306_WriteTemp'; have 'void(uint8_t,  uint8_t,  uint8_t)' {aka 'void(unsigned char,  unsigned char,  unsigned char)'}
  135 | void ssd1306_WriteTemp(uint8_t temp, uint8_t x, uint8_t y)
      |      ^~~~~~~~~~~~~~~~~
../Core/Src/main.c:124:9: note: previous implicit declaration of 'ssd1306_WriteTemp' with type 'void(uint8_t,  uint8_t,  uint8_t)' {aka 'void(unsigned char,  unsigned char,  unsigned char)'}
  124 |         ssd1306_WriteTemp(dht11.temperature,4,16);
      |         ^~~~~~~~~~~~~~~~~
arm-none-eabi-gcc -o "poc_dht11.elf" @"objects.list"   -mcpu=cortex-m4 -T"C:\Users\gabriel.brunheira\Git\pessoal\project-reggae\proof-of-concepts\poc_dht11\STM32G474RETX_FLASH.ld" --specs=nosys.specs -Wl,-Map="poc_dht11.map" -Wl,--gc-sections -static --specs=nano.specs -mfpu=fpv4-sp-d16 -mfloat-abi=hard -mthumb -Wl,--start-group -lc -lm -Wl,--end-group
Finished building target: poc_dht11.elf
 
arm-none-eabi-size  poc_dht11.elf 
arm-none-eabi-objdump -h -S poc_dht11.elf  > "poc_dht11.list"
   text	   data	    bss	    dec	    hex	filename
  26076	    100	   2748	  28924	   70fc	poc_dht11.elf
Finished building: default.size.stdout
 
Finished building: poc_dht11.list
 
23:47:43 **** Incremental Build of configuration Debug for project poc_dht11 ****
make -j20 all 
arm-none-eabi-gcc "../Core/Src/main.c" -mcpu=cortex-m4 -std=gnu11 -g3 -DDEBUG -DUSE_HAL_DRIVER -DSTM32G474xx -c -I"C:/Users/gabriel.brunheira/Git/pessoal/project-reggae/proof-of-concepts/poc_dht11/Drivers/dht11" -I"C:/Users/gabriel.brunheira/Git/pessoal/project-reggae/proof-of-concepts/poc_dht11/Drivers/oled_ssd1306" -I../Core/Inc -I../Drivers/STM32G4xx_HAL_Driver/Inc -I../Drivers/STM32G4xx_HAL_Driver/Inc/Legacy -I../Drivers/CMSIS/Device/ST/STM32G4xx/Include -I../Drivers/CMSIS/Include -O0 -ffunction-sections -fdata-sections -Wall -fstack-usage -fcyclomatic-complexity -MMD -MP -MF"Core/Src/main.d" -MT"Core/Src/main.o" --specs=nano.specs -mfpu=fpv4-sp-d16 -mfloat-abi=hard -mthumb -o "Core/Src/main.o"
../Core/Src/main.c: In function 'main':
../Core/Src/main.c:124:9: warning: implicit declaration of function 'ssd1306_WriteTemp'; did you mean 'ssd1306_WriteData'? [-Wimplicit-function-declaration]
  124 |         ssd1306_WriteTemp(dht11.temperature,2,2);
      |         ^~~~~~~~~~~~~~~~~
      |         ssd1306_WriteData
../Core/Src/main.c: At top level:
../Core/Src/main.c:135:6: warning: conflicting types for 'ssd1306_WriteTemp'; have 'void(uint8_t,  uint8_t,  uint8_t)' {aka 'void(unsigned char,  unsigned char,  unsigned char)'}
  135 | void ssd1306_WriteTemp(uint8_t temp, uint8_t x, uint8_t y)
      |      ^~~~~~~~~~~~~~~~~
../Core/Src/main.c:124:9: note: previous implicit declaration of 'ssd1306_WriteTemp' with type 'void(uint8_t,  uint8_t,  uint8_t)' {aka 'void(unsigned char,  unsigned char,  unsigned char)'}
  124 |         ssd1306_WriteTemp(dht11.temperature,2,2);
      |         ^~~~~~~~~~~~~~~~~
arm-none-eabi-gcc -o "poc_dht11.elf" @"objects.list"   -mcpu=cortex-m4 -T"C:\Users\gabriel.brunheira\Git\pessoal\project-reggae\proof-of-concepts\poc_dht11\STM32G474RETX_FLASH.ld" --specs=nosys.specs -Wl,-Map="poc_dht11.map" -Wl,--gc-sections -static --specs=nano.specs -mfpu=fpv4-sp-d16 -mfloat-abi=hard -mthumb -Wl,--start-group -lc -lm -Wl,--end-group
Finished building target: poc_dht11.elf
 
arm-none-eabi-size  poc_dht11.elf 
arm-none-eabi-objdump -h -S poc_dht11.elf  > "poc_dht11.list"
   text	   data	    bss	    dec	    hex	filename
  26076	    100	   2748	  28924	   70fc	poc_dht11.elf
Finished building: default.size.stdout
 
Finished building: poc_dht11.list
 
23:48:08 **** Incremental Build of configuration Debug for project poc_dht11 ****
make -j20 all 
arm-none-eabi-gcc "../Core/Src/main.c" -mcpu=cortex-m4 -std=gnu11 -g3 -DDEBUG -DUSE_HAL_DRIVER -DSTM32G474xx -c -I"C:/Users/gabriel.brunheira/Git/pessoal/project-reggae/proof-of-concepts/poc_dht11/Drivers/dht11" -I"C:/Users/gabriel.brunheira/Git/pessoal/project-reggae/proof-of-concepts/poc_dht11/Drivers/oled_ssd1306" -I../Core/Inc -I../Drivers/STM32G4xx_HAL_Driver/Inc -I../Drivers/STM32G4xx_HAL_Driver/Inc/Legacy -I../Drivers/CMSIS/Device/ST/STM32G4xx/Include -I../Drivers/CMSIS/Include -O0 -ffunction-sections -fdata-sections -Wall -fstack-usage -fcyclomatic-complexity -MMD -MP -MF"Core/Src/main.d" -MT"Core/Src/main.o" --specs=nano.specs -mfpu=fpv4-sp-d16 -mfloat-abi=hard -mthumb -o "Core/Src/main.o"
../Core/Src/main.c: In function 'main':
../Core/Src/main.c:124:9: warning: implicit declaration of function 'ssd1306_WriteTemp'; did you mean 'ssd1306_WriteData'? [-Wimplicit-function-declaration]
  124 |         ssd1306_WriteTemp(dht11.temperature,1,1);
      |         ^~~~~~~~~~~~~~~~~
      |         ssd1306_WriteData
../Core/Src/main.c: At top level:
../Core/Src/main.c:135:6: warning: conflicting types for 'ssd1306_WriteTemp'; have 'void(uint8_t,  uint8_t,  uint8_t)' {aka 'void(unsigned char,  unsigned char,  unsigned char)'}
  135 | void ssd1306_WriteTemp(uint8_t temp, uint8_t x, uint8_t y)
      |      ^~~~~~~~~~~~~~~~~
../Core/Src/main.c:124:9: note: previous implicit declaration of 'ssd1306_WriteTemp' with type 'void(uint8_t,  uint8_t,  uint8_t)' {aka 'void(unsigned char,  unsigned char,  unsigned char)'}
  124 |         ssd1306_WriteTemp(dht11.temperature,1,1);
      |         ^~~~~~~~~~~~~~~~~
arm-none-eabi-gcc -o "poc_dht11.elf" @"objects.list"   -mcpu=cortex-m4 -T"C:\Users\gabriel.brunheira\Git\pessoal\project-reggae\proof-of-concepts\poc_dht11\STM32G474RETX_FLASH.ld" --specs=nosys.specs -Wl,-Map="poc_dht11.map" -Wl,--gc-sections -static --specs=nano.specs -mfpu=fpv4-sp-d16 -mfloat-abi=hard -mthumb -Wl,--start-group -lc -lm -Wl,--end-group
Finished building target: poc_dht11.elf
 
arm-none-eabi-size  poc_dht11.elf 
arm-none-eabi-objdump -h -S poc_dht11.elf  > "poc_dht11.list"
   text	   data	    bss	    dec	    hex	filename
  26076	    100	   2748	  28924	   70fc	poc_dht11.elf
Finished building: default.size.stdout
 
Finished building: poc_dht11.list
 
23:48:28 **** Incremental Build of configuration Debug for project poc_dht11 ****
make -j20 all 
arm-none-eabi-gcc "../Core/Src/main.c" -mcpu=cortex-m4 -std=gnu11 -g3 -DDEBUG -DUSE_HAL_DRIVER -DSTM32G474xx -c -I"C:/Users/gabriel.brunheira/Git/pessoal/project-reggae/proof-of-concepts/poc_dht11/Drivers/dht11" -I"C:/Users/gabriel.brunheira/Git/pessoal/project-reggae/proof-of-concepts/poc_dht11/Drivers/oled_ssd1306" -I../Core/Inc -I../Drivers/STM32G4xx_HAL_Driver/Inc -I../Drivers/STM32G4xx_HAL_Driver/Inc/Legacy -I../Drivers/CMSIS/Device/ST/STM32G4xx/Include -I../Drivers/CMSIS/Include -O0 -ffunction-sections -fdata-sections -Wall -fstack-usage -fcyclomatic-complexity -MMD -MP -MF"Core/Src/main.d" -MT"Core/Src/main.o" --specs=nano.specs -mfpu=fpv4-sp-d16 -mfloat-abi=hard -mthumb -o "Core/Src/main.o"
../Core/Src/main.c: In function 'main':
../Core/Src/main.c:124:9: warning: implicit declaration of function 'ssd1306_WriteTemp'; did you mean 'ssd1306_WriteData'? [-Wimplicit-function-declaration]
  124 |         ssd1306_WriteTemp(dht11.temperature,0,0);
      |         ^~~~~~~~~~~~~~~~~
      |         ssd1306_WriteData
../Core/Src/main.c: At top level:
../Core/Src/main.c:135:6: warning: conflicting types for 'ssd1306_WriteTemp'; have 'void(uint8_t,  uint8_t,  uint8_t)' {aka 'void(unsigned char,  unsigned char,  unsigned char)'}
  135 | void ssd1306_WriteTemp(uint8_t temp, uint8_t x, uint8_t y)
      |      ^~~~~~~~~~~~~~~~~
../Core/Src/main.c:124:9: note: previous implicit declaration of 'ssd1306_WriteTemp' with type 'void(uint8_t,  uint8_t,  uint8_t)' {aka 'void(unsigned char,  unsigned char,  unsigned char)'}
  124 |         ssd1306_WriteTemp(dht11.temperature,0,0);
      |         ^~~~~~~~~~~~~~~~~
arm-none-eabi-gcc -o "poc_dht11.elf" @"objects.list"   -mcpu=cortex-m4 -T"C:\Users\gabriel.brunheira\Git\pessoal\project-reggae\proof-of-concepts\poc_dht11\STM32G474RETX_FLASH.ld" --specs=nosys.specs -Wl,-Map="poc_dht11.map" -Wl,--gc-sections -static --specs=nano.specs -mfpu=fpv4-sp-d16 -mfloat-abi=hard -mthumb -Wl,--start-group -lc -lm -Wl,--end-group
Finished building target: poc_dht11.elf
 
arm-none-eabi-size  poc_dht11.elf 
arm-none-eabi-objdump -h -S poc_dht11.elf  > "poc_dht11.list"
   text	   data	    bss	    dec	    hex	filename
  26076	    100	   2748	  28924	   70fc	poc_dht11.elf
Finished building: default.size.stdout
 
Finished building: poc_dht11.list
 
23:48:48 **** Incremental Build of configuration Debug for project poc_dht11 ****
make -j20 all 
arm-none-eabi-gcc "../Core/Src/main.c" -mcpu=cortex-m4 -std=gnu11 -g3 -DDEBUG -DUSE_HAL_DRIVER -DSTM32G474xx -c -I"C:/Users/gabriel.brunheira/Git/pessoal/project-reggae/proof-of-concepts/poc_dht11/Drivers/dht11" -I"C:/Users/gabriel.brunheira/Git/pessoal/project-reggae/proof-of-concepts/poc_dht11/Drivers/oled_ssd1306" -I../Core/Inc -I../Drivers/STM32G4xx_HAL_Driver/Inc -I../Drivers/STM32G4xx_HAL_Driver/Inc/Legacy -I../Drivers/CMSIS/Device/ST/STM32G4xx/Include -I../Drivers/CMSIS/Include -O0 -ffunction-sections -fdata-sections -Wall -fstack-usage -fcyclomatic-complexity -MMD -MP -MF"Core/Src/main.d" -MT"Core/Src/main.o" --specs=nano.specs -mfpu=fpv4-sp-d16 -mfloat-abi=hard -mthumb -o "Core/Src/main.o"
../Core/Src/main.c: In function 'main':
../Core/Src/main.c:124:9: warning: implicit declaration of function 'ssd1306_WriteTemp'; did you mean 'ssd1306_WriteData'? [-Wimplicit-function-declaration]
  124 |         ssd1306_WriteTemp(dht11.temperature,0,0);
      |         ^~~~~~~~~~~~~~~~~
      |         ssd1306_WriteData
../Core/Src/main.c: At top level:
../Core/Src/main.c:135:6: warning: conflicting types for 'ssd1306_WriteTemp'; have 'void(uint8_t,  uint8_t,  uint8_t)' {aka 'void(unsigned char,  unsigned char,  unsigned char)'}
  135 | void ssd1306_WriteTemp(uint8_t temp, uint8_t x, uint8_t y)
      |      ^~~~~~~~~~~~~~~~~
../Core/Src/main.c:124:9: note: previous implicit declaration of 'ssd1306_WriteTemp' with type 'void(uint8_t,  uint8_t,  uint8_t)' {aka 'void(unsigned char,  unsigned char,  unsigned char)'}
  124 |         ssd1306_WriteTemp(dht11.temperature,0,0);
      |         ^~~~~~~~~~~~~~~~~
arm-none-eabi-gcc -o "poc_dht11.elf" @"objects.list"   -mcpu=cortex-m4 -T"C:\Users\gabriel.brunheira\Git\pessoal\project-reggae\proof-of-concepts\poc_dht11\STM32G474RETX_FLASH.ld" --specs=nosys.specs -Wl,-Map="poc_dht11.map" -Wl,--gc-sections -static --specs=nano.specs -mfpu=fpv4-sp-d16 -mfloat-abi=hard -mthumb -Wl,--start-group -lc -lm -Wl,--end-group
Finished building target: poc_dht11.elf
 
arm-none-eabi-size  poc_dht11.elf 
arm-none-eabi-objdump -h -S poc_dht11.elf  > "poc_dht11.list"
   text	   data	    bss	    dec	    hex	filename
  26072	    100	   2748	  28920	   70f8	poc_dht11.elf
Finished building: default.size.stdout
 
Finished building: poc_dht11.list
 
23:49:18 **** Incremental Build of configuration Debug for project poc_dht11 ****
make -j20 all 
arm-none-eabi-gcc "../Core/Src/main.c" -mcpu=cortex-m4 -std=gnu11 -g3 -DDEBUG -DUSE_HAL_DRIVER -DSTM32G474xx -c -I"C:/Users/gabriel.brunheira/Git/pessoal/project-reggae/proof-of-concepts/poc_dht11/Drivers/dht11" -I"C:/Users/gabriel.brunheira/Git/pessoal/project-reggae/proof-of-concepts/poc_dht11/Drivers/oled_ssd1306" -I../Core/Inc -I../Drivers/STM32G4xx_HAL_Driver/Inc -I../Drivers/STM32G4xx_HAL_Driver/Inc/Legacy -I../Drivers/CMSIS/Device/ST/STM32G4xx/Include -I../Drivers/CMSIS/Include -O0 -ffunction-sections -fdata-sections -Wall -fstack-usage -fcyclomatic-complexity -MMD -MP -MF"Core/Src/main.d" -MT"Core/Src/main.o" --specs=nano.specs -mfpu=fpv4-sp-d16 -mfloat-abi=hard -mthumb -o "Core/Src/main.o"
../Core/Src/main.c: In function 'main':
../Core/Src/main.c:124:9: warning: implicit declaration of function 'ssd1306_WriteTemp'; did you mean 'ssd1306_WriteData'? [-Wimplicit-function-declaration]
  124 |         ssd1306_WriteTemp(dht11.temperature,2,0);
      |         ^~~~~~~~~~~~~~~~~
      |         ssd1306_WriteData
../Core/Src/main.c: At top level:
../Core/Src/main.c:135:6: warning: conflicting types for 'ssd1306_WriteTemp'; have 'void(uint8_t,  uint8_t,  uint8_t)' {aka 'void(unsigned char,  unsigned char,  unsigned char)'}
  135 | void ssd1306_WriteTemp(uint8_t temp, uint8_t x, uint8_t y)
      |      ^~~~~~~~~~~~~~~~~
../Core/Src/main.c:124:9: note: previous implicit declaration of 'ssd1306_WriteTemp' with type 'void(uint8_t,  uint8_t,  uint8_t)' {aka 'void(unsigned char,  unsigned char,  unsigned char)'}
  124 |         ssd1306_WriteTemp(dht11.temperature,2,0);
      |         ^~~~~~~~~~~~~~~~~
arm-none-eabi-gcc -o "poc_dht11.elf" @"objects.list"   -mcpu=cortex-m4 -T"C:\Users\gabriel.brunheira\Git\pessoal\project-reggae\proof-of-concepts\poc_dht11\STM32G474RETX_FLASH.ld" --specs=nosys.specs -Wl,-Map="poc_dht11.map" -Wl,--gc-sections -static --specs=nano.specs -mfpu=fpv4-sp-d16 -mfloat-abi=hard -mthumb -Wl,--start-group -lc -lm -Wl,--end-group
Finished building target: poc_dht11.elf
 
arm-none-eabi-size  poc_dht11.elf 
arm-none-eabi-objdump -h -S poc_dht11.elf  > "poc_dht11.list"
   text	   data	    bss	    dec	    hex	filename
  26072	    100	   2748	  28920	   70f8	poc_dht11.elf
Finished building: default.size.stdout
 
Finished building: poc_dht11.list
 
23:50:21 **** Incremental Build of configuration Debug for project poc_dht11 ****
make -j20 all 
arm-none-eabi-gcc "../Core/Src/main.c" -mcpu=cortex-m4 -std=gnu11 -g3 -DDEBUG -DUSE_HAL_DRIVER -DSTM32G474xx -c -I"C:/Users/gabriel.brunheira/Git/pessoal/project-reggae/proof-of-concepts/poc_dht11/Drivers/dht11" -I"C:/Users/gabriel.brunheira/Git/pessoal/project-reggae/proof-of-concepts/poc_dht11/Drivers/oled_ssd1306" -I../Core/Inc -I../Drivers/STM32G4xx_HAL_Driver/Inc -I../Drivers/STM32G4xx_HAL_Driver/Inc/Legacy -I../Drivers/CMSIS/Device/ST/STM32G4xx/Include -I../Drivers/CMSIS/Include -O0 -ffunction-sections -fdata-sections -Wall -fstack-usage -fcyclomatic-complexity -MMD -MP -MF"Core/Src/main.d" -MT"Core/Src/main.o" --specs=nano.specs -mfpu=fpv4-sp-d16 -mfloat-abi=hard -mthumb -o "Core/Src/main.o"
../Core/Src/main.c: In function 'main':
../Core/Src/main.c:117:9: warning: implicit declaration of function 'ssd1306_WriteTemp'; did you mean 'ssd1306_WriteData'? [-Wimplicit-function-declaration]
  117 |         ssd1306_WriteTemp(dht11.temperature,2,0);
      |         ^~~~~~~~~~~~~~~~~
      |         ssd1306_WriteData
../Core/Src/main.c: At top level:
../Core/Src/main.c:133:6: warning: conflicting types for 'ssd1306_WriteTemp'; have 'void(uint8_t,  uint8_t,  uint8_t)' {aka 'void(unsigned char,  unsigned char,  unsigned char)'}
  133 | void ssd1306_WriteTemp(uint8_t temp, uint8_t x, uint8_t y)
      |      ^~~~~~~~~~~~~~~~~
../Core/Src/main.c:117:9: note: previous implicit declaration of 'ssd1306_WriteTemp' with type 'void(uint8_t,  uint8_t,  uint8_t)' {aka 'void(unsigned char,  unsigned char,  unsigned char)'}
  117 |         ssd1306_WriteTemp(dht11.temperature,2,0);
      |         ^~~~~~~~~~~~~~~~~
arm-none-eabi-gcc -o "poc_dht11.elf" @"objects.list"   -mcpu=cortex-m4 -T"C:\Users\gabriel.brunheira\Git\pessoal\project-reggae\proof-of-concepts\poc_dht11\STM32G474RETX_FLASH.ld" --specs=nosys.specs -Wl,-Map="poc_dht11.map" -Wl,--gc-sections -static --specs=nano.specs -mfpu=fpv4-sp-d16 -mfloat-abi=hard -mthumb -Wl,--start-group -lc -lm -Wl,--end-group
Finished building target: poc_dht11.elf
 
arm-none-eabi-size  poc_dht11.elf 
arm-none-eabi-objdump -h -S poc_dht11.elf  > "poc_dht11.list"
   text	   data	    bss	    dec	    hex	filename
  26132	    100	   2748	  28980	   7134	poc_dht11.elf
Finished building: default.size.stdout
 
Finished building: poc_dht11.list
 
23:50:48 **** Incremental Build of configuration Debug for project poc_dht11 ****
make -j20 all 
arm-none-eabi-gcc "../Core/Src/main.c" -mcpu=cortex-m4 -std=gnu11 -g3 -DDEBUG -DUSE_HAL_DRIVER -DSTM32G474xx -c -I"C:/Users/gabriel.brunheira/Git/pessoal/project-reggae/proof-of-concepts/poc_dht11/Drivers/dht11" -I"C:/Users/gabriel.brunheira/Git/pessoal/project-reggae/proof-of-concepts/poc_dht11/Drivers/oled_ssd1306" -I../Core/Inc -I../Drivers/STM32G4xx_HAL_Driver/Inc -I../Drivers/STM32G4xx_HAL_Driver/Inc/Legacy -I../Drivers/CMSIS/Device/ST/STM32G4xx/Include -I../Drivers/CMSIS/Include -O0 -ffunction-sections -fdata-sections -Wall -fstack-usage -fcyclomatic-complexity -MMD -MP -MF"Core/Src/main.d" -MT"Core/Src/main.o" --specs=nano.specs -mfpu=fpv4-sp-d16 -mfloat-abi=hard -mthumb -o "Core/Src/main.o"
../Core/Src/main.c: In function 'main':
../Core/Src/main.c:117:9: warning: implicit declaration of function 'ssd1306_WriteTemp'; did you mean 'ssd1306_WriteData'? [-Wimplicit-function-declaration]
  117 |         ssd1306_WriteTemp(dht11.temperature,2,0);
      |         ^~~~~~~~~~~~~~~~~
      |         ssd1306_WriteData
../Core/Src/main.c: At top level:
../Core/Src/main.c:133:6: warning: conflicting types for 'ssd1306_WriteTemp'; have 'void(uint8_t,  uint8_t,  uint8_t)' {aka 'void(unsigned char,  unsigned char,  unsigned char)'}
  133 | void ssd1306_WriteTemp(uint8_t temp, uint8_t x, uint8_t y)
      |      ^~~~~~~~~~~~~~~~~
../Core/Src/main.c:117:9: note: previous implicit declaration of 'ssd1306_WriteTemp' with type 'void(uint8_t,  uint8_t,  uint8_t)' {aka 'void(unsigned char,  unsigned char,  unsigned char)'}
  117 |         ssd1306_WriteTemp(dht11.temperature,2,0);
      |         ^~~~~~~~~~~~~~~~~
arm-none-eabi-gcc -o "poc_dht11.elf" @"objects.list"   -mcpu=cortex-m4 -T"C:\Users\gabriel.brunheira\Git\pessoal\project-reggae\proof-of-concepts\poc_dht11\STM32G474RETX_FLASH.ld" --specs=nosys.specs -Wl,-Map="poc_dht11.map" -Wl,--gc-sections -static --specs=nano.specs -mfpu=fpv4-sp-d16 -mfloat-abi=hard -mthumb -Wl,--start-group -lc -lm -Wl,--end-group
Finished building target: poc_dht11.elf
 
arm-none-eabi-size  poc_dht11.elf 
arm-none-eabi-objdump -h -S poc_dht11.elf  > "poc_dht11.list"
   text	   data	    bss	    dec	    hex	filename
  26132	    100	   2748	  28980	   7134	poc_dht11.elf
Finished building: default.size.stdout
 
Finished building: poc_dht11.list
 
23:51:07 **** Incremental Build of configuration Debug for project poc_dht11 ****
make -j20 all 
arm-none-eabi-gcc "../Core/Src/main.c" -mcpu=cortex-m4 -std=gnu11 -g3 -DDEBUG -DUSE_HAL_DRIVER -DSTM32G474xx -c -I"C:/Users/gabriel.brunheira/Git/pessoal/project-reggae/proof-of-concepts/poc_dht11/Drivers/dht11" -I"C:/Users/gabriel.brunheira/Git/pessoal/project-reggae/proof-of-concepts/poc_dht11/Drivers/oled_ssd1306" -I../Core/Inc -I../Drivers/STM32G4xx_HAL_Driver/Inc -I../Drivers/STM32G4xx_HAL_Driver/Inc/Legacy -I../Drivers/CMSIS/Device/ST/STM32G4xx/Include -I../Drivers/CMSIS/Include -O0 -ffunction-sections -fdata-sections -Wall -fstack-usage -fcyclomatic-complexity -MMD -MP -MF"Core/Src/main.d" -MT"Core/Src/main.o" --specs=nano.specs -mfpu=fpv4-sp-d16 -mfloat-abi=hard -mthumb -o "Core/Src/main.o"
../Core/Src/main.c: In function 'main':
../Core/Src/main.c:117:9: warning: implicit declaration of function 'ssd1306_WriteTemp'; did you mean 'ssd1306_WriteData'? [-Wimplicit-function-declaration]
  117 |         ssd1306_WriteTemp(dht11.temperature,2,0);
      |         ^~~~~~~~~~~~~~~~~
      |         ssd1306_WriteData
../Core/Src/main.c: At top level:
../Core/Src/main.c:133:6: warning: conflicting types for 'ssd1306_WriteTemp'; have 'void(uint8_t,  uint8_t,  uint8_t)' {aka 'void(unsigned char,  unsigned char,  unsigned char)'}
  133 | void ssd1306_WriteTemp(uint8_t temp, uint8_t x, uint8_t y)
      |      ^~~~~~~~~~~~~~~~~
../Core/Src/main.c:117:9: note: previous implicit declaration of 'ssd1306_WriteTemp' with type 'void(uint8_t,  uint8_t,  uint8_t)' {aka 'void(unsigned char,  unsigned char,  unsigned char)'}
  117 |         ssd1306_WriteTemp(dht11.temperature,2,0);
      |         ^~~~~~~~~~~~~~~~~
arm-none-eabi-gcc -o "poc_dht11.elf" @"objects.list"   -mcpu=cortex-m4 -T"C:\Users\gabriel.brunheira\Git\pessoal\project-reggae\proof-of-concepts\poc_dht11\STM32G474RETX_FLASH.ld" --specs=nosys.specs -Wl,-Map="poc_dht11.map" -Wl,--gc-sections -static --specs=nano.specs -mfpu=fpv4-sp-d16 -mfloat-abi=hard -mthumb -Wl,--start-group -lc -lm -Wl,--end-group
Finished building target: poc_dht11.elf
 
arm-none-eabi-size  poc_dht11.elf 
arm-none-eabi-objdump -h -S poc_dht11.elf  > "poc_dht11.list"
   text	   data	    bss	    dec	    hex	filename
  26132	    100	   2748	  28980	   7134	poc_dht11.elf
Finished building: default.size.stdout
 
Finished building: poc_dht11.list
 
23:52:10 **** Incremental Build of configuration Debug for project poc_dht11 ****
make -j20 all 
arm-none-eabi-gcc "../Core/Src/main.c" -mcpu=cortex-m4 -std=gnu11 -g3 -DDEBUG -DUSE_HAL_DRIVER -DSTM32G474xx -c -I"C:/Users/gabriel.brunheira/Git/pessoal/project-reggae/proof-of-concepts/poc_dht11/Drivers/dht11" -I"C:/Users/gabriel.brunheira/Git/pessoal/project-reggae/proof-of-concepts/poc_dht11/Drivers/oled_ssd1306" -I../Core/Inc -I../Drivers/STM32G4xx_HAL_Driver/Inc -I../Drivers/STM32G4xx_HAL_Driver/Inc/Legacy -I../Drivers/CMSIS/Device/ST/STM32G4xx/Include -I../Drivers/CMSIS/Include -O0 -ffunction-sections -fdata-sections -Wall -fstack-usage -fcyclomatic-complexity -MMD -MP -MF"Core/Src/main.d" -MT"Core/Src/main.o" --specs=nano.specs -mfpu=fpv4-sp-d16 -mfloat-abi=hard -mthumb -o "Core/Src/main.o"
../Core/Src/main.c: In function 'main':
../Core/Src/main.c:117:9: warning: implicit declaration of function 'ssd1306_WriteTemp'; did you mean 'ssd1306_WriteData'? [-Wimplicit-function-declaration]
  117 |         ssd1306_WriteTemp(dht11.temperature,2,0);
      |         ^~~~~~~~~~~~~~~~~
      |         ssd1306_WriteData
../Core/Src/main.c: At top level:
../Core/Src/main.c:133:6: warning: conflicting types for 'ssd1306_WriteTemp'; have 'void(uint8_t,  uint8_t,  uint8_t)' {aka 'void(unsigned char,  unsigned char,  unsigned char)'}
  133 | void ssd1306_WriteTemp(uint8_t temp, uint8_t x, uint8_t y)
      |      ^~~~~~~~~~~~~~~~~
../Core/Src/main.c:117:9: note: previous implicit declaration of 'ssd1306_WriteTemp' with type 'void(uint8_t,  uint8_t,  uint8_t)' {aka 'void(unsigned char,  unsigned char,  unsigned char)'}
  117 |         ssd1306_WriteTemp(dht11.temperature,2,0);
      |         ^~~~~~~~~~~~~~~~~
arm-none-eabi-gcc -o "poc_dht11.elf" @"objects.list"   -mcpu=cortex-m4 -T"C:\Users\gabriel.brunheira\Git\pessoal\project-reggae\proof-of-concepts\poc_dht11\STM32G474RETX_FLASH.ld" --specs=nosys.specs -Wl,-Map="poc_dht11.map" -Wl,--gc-sections -static --specs=nano.specs -mfpu=fpv4-sp-d16 -mfloat-abi=hard -mthumb -Wl,--start-group -lc -lm -Wl,--end-group
Finished building target: poc_dht11.elf
 
arm-none-eabi-size  poc_dht11.elf 
arm-none-eabi-objdump -h -S poc_dht11.elf  > "poc_dht11.list"
   text	   data	    bss	    dec	    hex	filename
  26140	    100	   2756	  28996	   7144	poc_dht11.elf
Finished building: default.size.stdout
 
Finished building: poc_dht11.list
 
23:53:29 **** Incremental Build of configuration Debug for project poc_dht11 ****
make -j20 all 
arm-none-eabi-gcc "../Core/Src/main.c" -mcpu=cortex-m4 -std=gnu11 -g3 -DDEBUG -DUSE_HAL_DRIVER -DSTM32G474xx -c -I"C:/Users/gabriel.brunheira/Git/pessoal/project-reggae/proof-of-concepts/poc_dht11/Drivers/dht11" -I"C:/Users/gabriel.brunheira/Git/pessoal/project-reggae/proof-of-concepts/poc_dht11/Drivers/oled_ssd1306" -I../Core/Inc -I../Drivers/STM32G4xx_HAL_Driver/Inc -I../Drivers/STM32G4xx_HAL_Driver/Inc/Legacy -I../Drivers/CMSIS/Device/ST/STM32G4xx/Include -I../Drivers/CMSIS/Include -O0 -ffunction-sections -fdata-sections -Wall -fstack-usage -fcyclomatic-complexity -MMD -MP -MF"Core/Src/main.d" -MT"Core/Src/main.o" --specs=nano.specs -mfpu=fpv4-sp-d16 -mfloat-abi=hard -mthumb -o "Core/Src/main.o"
../Core/Src/main.c: In function 'main':
../Core/Src/main.c:117:9: warning: implicit declaration of function 'ssd1306_WriteTemp'; did you mean 'ssd1306_WriteData'? [-Wimplicit-function-declaration]
  117 |         ssd1306_WriteTemp(dht11.temperature,2,0);
      |         ^~~~~~~~~~~~~~~~~
      |         ssd1306_WriteData
../Core/Src/main.c: At top level:
../Core/Src/main.c:133:6: warning: conflicting types for 'ssd1306_WriteTemp'; have 'void(uint8_t,  uint8_t,  uint8_t)' {aka 'void(unsigned char,  unsigned char,  unsigned char)'}
  133 | void ssd1306_WriteTemp(uint8_t temp, uint8_t x, uint8_t y)
      |      ^~~~~~~~~~~~~~~~~
../Core/Src/main.c:117:9: note: previous implicit declaration of 'ssd1306_WriteTemp' with type 'void(uint8_t,  uint8_t,  uint8_t)' {aka 'void(unsigned char,  unsigned char,  unsigned char)'}
  117 |         ssd1306_WriteTemp(dht11.temperature,2,0);
      |         ^~~~~~~~~~~~~~~~~
arm-none-eabi-gcc -o "poc_dht11.elf" @"objects.list"   -mcpu=cortex-m4 -T"C:\Users\gabriel.brunheira\Git\pessoal\project-reggae\proof-of-concepts\poc_dht11\STM32G474RETX_FLASH.ld" --specs=nosys.specs -Wl,-Map="poc_dht11.map" -Wl,--gc-sections -static --specs=nano.specs -mfpu=fpv4-sp-d16 -mfloat-abi=hard -mthumb -Wl,--start-group -lc -lm -Wl,--end-group
Finished building target: poc_dht11.elf
 
arm-none-eabi-size  poc_dht11.elf 
arm-none-eabi-objdump -h -S poc_dht11.elf  > "poc_dht11.list"
   text	   data	    bss	    dec	    hex	filename
  26136	    100	   2756	  28992	   7140	poc_dht11.elf
Finished building: default.size.stdout
 
Finished building: poc_dht11.list
 
23:54:39 **** Incremental Build of configuration Debug for project poc_dht11 ****
make -j20 all 
arm-none-eabi-gcc "../Core/Src/main.c" -mcpu=cortex-m4 -std=gnu11 -g3 -DDEBUG -DUSE_HAL_DRIVER -DSTM32G474xx -c -I"C:/Users/gabriel.brunheira/Git/pessoal/project-reggae/proof-of-concepts/poc_dht11/Drivers/dht11" -I"C:/Users/gabriel.brunheira/Git/pessoal/project-reggae/proof-of-concepts/poc_dht11/Drivers/oled_ssd1306" -I../Core/Inc -I../Drivers/STM32G4xx_HAL_Driver/Inc -I../Drivers/STM32G4xx_HAL_Driver/Inc/Legacy -I../Drivers/CMSIS/Device/ST/STM32G4xx/Include -I../Drivers/CMSIS/Include -O0 -ffunction-sections -fdata-sections -Wall -fstack-usage -fcyclomatic-complexity -MMD -MP -MF"Core/Src/main.d" -MT"Core/Src/main.o" --specs=nano.specs -mfpu=fpv4-sp-d16 -mfloat-abi=hard -mthumb -o "Core/Src/main.o"
../Core/Src/main.c: In function 'main':
../Core/Src/main.c:117:9: warning: implicit declaration of function 'ssd1306_WriteTemp'; did you mean 'ssd1306_WriteData'? [-Wimplicit-function-declaration]
  117 |         ssd1306_WriteTemp(dht11.temperature,2,0);
      |         ^~~~~~~~~~~~~~~~~
      |         ssd1306_WriteData
../Core/Src/main.c: At top level:
../Core/Src/main.c:133:6: warning: conflicting types for 'ssd1306_WriteTemp'; have 'void(uint8_t,  uint8_t,  uint8_t)' {aka 'void(unsigned char,  unsigned char,  unsigned char)'}
  133 | void ssd1306_WriteTemp(uint8_t temp, uint8_t x, uint8_t y)
      |      ^~~~~~~~~~~~~~~~~
../Core/Src/main.c:117:9: note: previous implicit declaration of 'ssd1306_WriteTemp' with type 'void(uint8_t,  uint8_t,  uint8_t)' {aka 'void(unsigned char,  unsigned char,  unsigned char)'}
  117 |         ssd1306_WriteTemp(dht11.temperature,2,0);
      |         ^~~~~~~~~~~~~~~~~
arm-none-eabi-gcc -o "poc_dht11.elf" @"objects.list"   -mcpu=cortex-m4 -T"C:\Users\gabriel.brunheira\Git\pessoal\project-reggae\proof-of-concepts\poc_dht11\STM32G474RETX_FLASH.ld" --specs=nosys.specs -Wl,-Map="poc_dht11.map" -Wl,--gc-sections -static --specs=nano.specs -mfpu=fpv4-sp-d16 -mfloat-abi=hard -mthumb -Wl,--start-group -lc -lm -Wl,--end-group
Finished building target: poc_dht11.elf
 
arm-none-eabi-size  poc_dht11.elf 
arm-none-eabi-objdump -h -S poc_dht11.elf  > "poc_dht11.list"
   text	   data	    bss	    dec	    hex	filename
  26132	    100	   2748	  28980	   7134	poc_dht11.elf
Finished building: default.size.stdout
 
Finished building: poc_dht11.list
 
23:55:37 **** Incremental Build of configuration Debug for project poc_dht11 ****
make -j20 all 
arm-none-eabi-gcc "../Core/Src/main.c" -mcpu=cortex-m4 -std=gnu11 -g3 -DDEBUG -DUSE_HAL_DRIVER -DSTM32G474xx -c -I"C:/Users/gabriel.brunheira/Git/pessoal/project-reggae/proof-of-concepts/poc_dht11/Drivers/dht11" -I"C:/Users/gabriel.brunheira/Git/pessoal/project-reggae/proof-of-concepts/poc_dht11/Drivers/oled_ssd1306" -I../Core/Inc -I../Drivers/STM32G4xx_HAL_Driver/Inc -I../Drivers/STM32G4xx_HAL_Driver/Inc/Legacy -I../Drivers/CMSIS/Device/ST/STM32G4xx/Include -I../Drivers/CMSIS/Include -O0 -ffunction-sections -fdata-sections -Wall -fstack-usage -fcyclomatic-complexity -MMD -MP -MF"Core/Src/main.d" -MT"Core/Src/main.o" --specs=nano.specs -mfpu=fpv4-sp-d16 -mfloat-abi=hard -mthumb -o "Core/Src/main.o"
arm-none-eabi-gcc -o "poc_dht11.elf" @"objects.list"   -mcpu=cortex-m4 -T"C:\Users\gabriel.brunheira\Git\pessoal\project-reggae\proof-of-concepts\poc_dht11\STM32G474RETX_FLASH.ld" --specs=nosys.specs -Wl,-Map="poc_dht11.map" -Wl,--gc-sections -static --specs=nano.specs -mfpu=fpv4-sp-d16 -mfloat-abi=hard -mthumb -Wl,--start-group -lc -lm -Wl,--end-group
Finished building target: poc_dht11.elf
 
arm-none-eabi-size  poc_dht11.elf 
arm-none-eabi-objdump -h -S poc_dht11.elf  > "poc_dht11.list"
   text	   data	    bss	    dec	    hex	filename
  26132	    100	   2748	  28980	   7134	poc_dht11.elf
Finished building: default.size.stdout
 
Finished building: poc_dht11.list
 
